0 info it worked if it ends with ok
1 verbose cli [ '/usr/local/bin/node',
1 verbose cli   '/usr/local/bin/npm',
1 verbose cli   'run',
1 verbose cli   'storybook' ]
2 info using npm@3.3.6
3 info using node@v5.0.0
4 verbose run-script [ 'prestorybook', 'storybook', 'poststorybook' ]
5 info lifecycle ui@1.0.0~prestorybook: ui@1.0.0
6 silly lifecycle ui@1.0.0~prestorybook: no script for prestorybook, continuing
7 info lifecycle ui@1.0.0~storybook: ui@1.0.0
8 verbose lifecycle ui@1.0.0~storybook: unsafe-perm in lifecycle true
9 verbose lifecycle ui@1.0.0~storybook: PATH: /usr/local/lib/node_modules/npm/bin/node-gyp-bin:/Users/brianorwhatever/Projects/dashmaniaturbo/ui/node_modules/.bin:/usr/local/bin:/usr/bin:/bin:/usr/sbin:/sbin
10 verbose lifecycle ui@1.0.0~storybook: CWD: /Users/brianorwhatever/Projects/dashmaniaturbo/ui
11 silly lifecycle ui@1.0.0~storybook: Args: [ '-c', 'start-storybook -p 9001' ]
12 silly lifecycle ui@1.0.0~storybook: Returned: code: 1  signal: null
13 info lifecycle ui@1.0.0~storybook: Failed to exec storybook script
14 verbose stack Error: ui@1.0.0 storybook: `start-storybook -p 9001`
14 verbose stack Exit status 1
14 verbose stack     at EventEmitter.<anonymous> (/usr/local/lib/node_modules/npm/lib/utils/lifecycle.js:233:16)
14 verbose stack     at emitTwo (events.js:87:13)
14 verbose stack     at EventEmitter.emit (events.js:172:7)
14 verbose stack     at ChildProcess.<anonymous> (/usr/local/lib/node_modules/npm/lib/utils/spawn.js:24:14)
14 verbose stack     at emitTwo (events.js:87:13)
14 verbose stack     at ChildProcess.emit (events.js:172:7)
14 verbose stack     at maybeClose (internal/child_process.js:818:16)
14 verbose stack     at Process.ChildProcess._handle.onexit (internal/child_process.js:211:5)
15 verbose pkgid ui@1.0.0
16 verbose cwd /Users/brianorwhatever/Projects/dashmaniaturbo/ui
17 error Darwin 15.0.0
18 error argv "/usr/local/bin/node" "/usr/local/bin/npm" "run" "storybook"
19 error node v5.0.0
20 error npm  v3.3.6
21 error code ELIFECYCLE
22 error ui@1.0.0 storybook: `start-storybook -p 9001`
22 error Exit status 1
23 error Failed at the ui@1.0.0 storybook script 'start-storybook -p 9001'.
23 error This is most likely a problem with the ui package,
23 error not with npm itself.
23 error Tell the author that this fails on your system:
23 error     start-storybook -p 9001
23 error You can get their info via:
23 error     npm owner ls ui
23 error There is likely additional logging output above.
24 verbose exit [ 1, true ]
